\BOOKMARK [1][-]{section.1}{Introduzione}{}% 1
\BOOKMARK [2][-]{subsection.1.1}{Approcci deterministici}{section.1}% 2
\BOOKMARK [2][-]{subsection.1.2}{Approcci stocastici}{section.1}% 3
\BOOKMARK [1][-]{section.2}{Algoritmi genetici}{}% 4
\BOOKMARK [2][-]{subsection.2.1}{Funzioni di fitness}{section.2}% 5
\BOOKMARK [2][-]{subsection.2.2}{Metodi di selezione e crossover}{section.2}% 6
\BOOKMARK [2][-]{subsection.2.3}{Implementazione in Mathematica}{section.2}% 7
\BOOKMARK [2][-]{subsection.2.4}{Conclusioni}{section.2}% 8
\BOOKMARK [1][-]{section.3}{Algoritmo evolutivo}{}% 9
\BOOKMARK [2][-]{subsection.3.1}{Algoritmo di Xie-Kang}{section.3}% 10
\BOOKMARK [3][-]{subsubsection.3.1.1}{Congettura della costruzione a due fasi}{subsection.3.1}% 11
\BOOKMARK [2][-]{subsection.3.2}{Metodi di selezione}{section.3}% 12
\BOOKMARK [2][-]{subsection.3.3}{Mutazioni}{section.3}% 13
\BOOKMARK [3][-]{subsubsection.3.3.1}{Mutazioni puntuali}{subsection.3.3}% 14
\BOOKMARK [3][-]{subsubsection.3.3.2}{Mutazioni lineari}{subsection.3.3}% 15
\BOOKMARK [2][-]{subsection.3.4}{Rettificazioni locali}{section.3}% 16
\BOOKMARK [3][-]{subsubsection.3.4.1}{Rettificazioni locali lineari}{subsection.3.4}% 17
\BOOKMARK [3][-]{subsubsection.3.4.2}{Rettificazioni locali diagonali}{subsection.3.4}% 18
\BOOKMARK [2][-]{subsection.3.5}{Implementazione in Mathematica}{section.3}% 19
\BOOKMARK [1][-]{section.4}{Risultati}{}% 20
\BOOKMARK [2][-]{subsection.4.1}{Algoritmi genetici}{section.4}% 21
\BOOKMARK [2][-]{subsection.4.2}{Algoritmo di Xie-Kang}{section.4}% 22
\BOOKMARK [1][-]{section.5}{Conclusioni}{}% 23
\BOOKMARK [2][-]{subsection.5.1}{Limitazioni degli algoritmi stocastici}{section.5}% 24
\BOOKMARK [2][-]{subsection.5.2}{Confronto con i risultati di Xie e Kang}{section.5}% 25
\BOOKMARK [2][-]{subsection.5.3}{Possibili sviluppi futuri}{section.5}% 26
\BOOKMARK [1][-]{section.6}{Appendice}{}% 27
